[00:00:46] [Server thread/INFO]: FanGhost7 lost connection: Disconnected
[00:00:46] [Server thread/INFO]: FanGhost7 left the game
[00:00:46] [Server thread/INFO]: remove player wand
[00:00:46] [Server thread/INFO]: Updating all forceload tickets for c2dd2229-5b2f-3f02-ac74-249f89b6886c
[00:02:05] [Server thread/INFO]: [Handshake] Sending channel query
[00:02:05] [Netty Epoll Server IO #5/INFO]: [Handshake] Receiving client channels
[00:02:05] [Netty Epoll Server IO #5/INFO]: [Handshake] Handshake completed successfully
[00:02:05] [Server thread/INFO]: Kaiuramenuu[/127.87.19.195:32969] logged in with entity id 12174 at (-1207.4879400824952, 69.0, -758.8190827151525)
[00:02:05] [Server thread/INFO]: Sending server config values to client
[00:02:05] [Server thread/INFO]: Syncing config to Kaiuramenuu (1a249b3a-134e-3c33-bea1-d2d9142b4a82)
[00:02:05] [Server thread/INFO]: Loading config from file...
[00:02:05] [Server thread/INFO]: [STDOUT]: Splitting recipes into 10 packets
[00:02:05] [Server thread/INFO]: [betternether] Freeze Registry[ResourceKey[minecraft:root / worlds_together:worldgen/betterx/surface_rules] (Stable)]
[00:02:05] [Server thread/INFO]: Kaiuramenuu joined the game
[00:02:05] [Server thread/INFO]: Loading Configs for Sortilege
[00:02:05] [Server thread/INFO]: Couldn't find config value for path : "[enchantments, enchant_catalyst, show_in_tooltip]", defaulting to true
[00:02:05] [Server thread/INFO]: Couldn't find config value for path : "[enchantments, enabled_enchants]", defaulting to {}
[00:02:05] [Server thread/INFO]: Couldn't find config value for path : "[death, xp_keeping, stolen_xp_data]", defaulting to 41
[00:02:05] [Server thread/INFO]: Couldn't find config value for path : "[death, glowing_killer]", defaulting to true
[00:02:05] [Server thread/INFO]: Updating all forceload tickets for 1a249b3a-134e-3c33-bea1-d2d9142b4a82
[00:02:05] [Server thread/INFO]: PLAYER_JOIN
[00:02:05] [Server thread/INFO]: add_player wand
[00:02:05] [Server thread/INFO]: config sent
[00:02:13] [Netty Epoll Server IO #5/INFO]: Receiving client config
[00:02:14] [Netty Epoll Server IO #5/INFO]: Channel update: Kaiuramenuu -> default
[00:02:14] [Netty Epoll Server IO #5/INFO]: Priority overwritten for player Kaiuramenuu. Claiming: GRAVE / Robbing: INVENTORY
[00:03:03] [Server thread/INFO]: Kaiuramenuu lost connection: Timed out
[00:03:03] [Server thread/INFO]: Kaiuramenuu left the game
[00:03:03] [Server thread/INFO]: remove player wand
[00:03:03] [Server thread/INFO]: Updating all forceload tickets for 1a249b3a-134e-3c33-bea1-d2d9142b4a82
[00:03:03] [Server thread/WARN]: handleDisconnection() called twice
[00:09:02] [Server thread/INFO]: [Handshake] Sending channel query
[00:09:02] [Netty Epoll Server IO #0/INFO]: [Handshake] Receiving client channels
[00:09:02] [Netty Epoll Server IO #0/INFO]: [Handshake] Handshake completed successfully
[00:09:02] [Server thread/INFO]: Kaiuramenuu[/127.87.19.195:42673] logged in with entity id 12554 at (-1207.4879400824952, 69.0, -758.8190827151525)
[00:09:02] [Server thread/INFO]: Sending server config values to client
[00:09:02] [Server thread/INFO]: Syncing config to Kaiuramenuu (1a249b3a-134e-3c33-bea1-d2d9142b4a82)
[00:09:02] [Server thread/INFO]: Loading config from file...
[00:09:02] [Server thread/INFO]: [STDOUT]: Splitting recipes into 10 packets
[00:09:02] [Server thread/INFO]: [betternether] Freeze Registry[ResourceKey[minecraft:root / worlds_together:worldgen/betterx/surface_rules] (Stable)]
[00:09:02] [Server thread/INFO]: Kaiuramenuu joined the game
[00:09:02] [Server thread/INFO]: Loading Configs for Sortilege
[00:09:02] [Server thread/INFO]: Couldn't find config value for path : "[enchantments, enchant_catalyst, show_in_tooltip]", defaulting to true
[00:09:02] [Server thread/INFO]: Couldn't find config value for path : "[enchantments, enabled_enchants]", defaulting to {}
[00:09:02] [Server thread/INFO]: Couldn't find config value for path : "[death, xp_keeping, stolen_xp_data]", defaulting to 41
[00:09:02] [Server thread/INFO]: Couldn't find config value for path : "[death, glowing_killer]", defaulting to true
[00:09:03] [Server thread/INFO]: Updating all forceload tickets for 1a249b3a-134e-3c33-bea1-d2d9142b4a82
[00:09:03] [Server thread/INFO]: PLAYER_JOIN
[00:09:03] [Server thread/INFO]: add_player wand
[00:09:03] [Server thread/INFO]: config sent
[00:09:21] [Netty Epoll Server IO #0/INFO]: Receiving client config
[00:09:21] [Netty Epoll Server IO #0/INFO]: Channel update: Kaiuramenuu -> default
[00:09:21] [Netty Epoll Server IO #0/INFO]: Priority overwritten for player Kaiuramenuu. Claiming: GRAVE / Robbing: INVENTORY
[00:10:00] [Server thread/INFO]: Kaiuramenuu lost connection: Timed out
[00:10:00] [Server thread/INFO]: Kaiuramenuu left the game
[00:10:00] [Server thread/INFO]: remove player wand
[00:10:00] [Server thread/INFO]: Updating all forceload tickets for 1a249b3a-134e-3c33-bea1-d2d9142b4a82
[00:10:00] [Server thread/WARN]: handleDisconnection() called twice
